<?xml version="1.0" encoding="UTF-8"?>
<robot generator="Robot 3.2.2 (Python 3.9.0 on win32)" generated="20210125 16:42:24.010" rpa="false">
<suite id="s1" name="Project RobotFramework" source="C:\Users\CTEA\Testing\Robot_WorkspaceTesting\Project_RobotFramework">
<suite id="s1-s1" name="FlightTest" source="C:\Users\CTEA\Testing\Robot_WorkspaceTesting\Project_RobotFramework\FlightTest">
<suite id="s1-s1-s1" name="UsingResource" source="C:\Users\CTEA\Testing\Robot_WorkspaceTesting\Project_RobotFramework\FlightTest\UsingResource.robot">
<test id="s1-s1-s1-t1" name="Verify_Valid_Flight_booking">
<kw name="Launch Browser" library="common_functionality_Flpkrt" type="setup">
<kw name="Append To Environment Variable" library="OperatingSystem">
<doc>Appends given ``values`` to environment variable ``name``.</doc>
<arguments>
<arg>Path</arg>
<arg>${OUTPUT_DIR}${/}driver</arg>
</arguments>
<msg timestamp="20210125 16:42:24.387" level="INFO">Environment variable 'Path' set to value 'C:/Users/CTEA/.p2/pool/plugins/org.eclipse.justj.openjdk.hotspot.jre.full.win32.x86_64_15.0.1.v20201027-0507/jre/bin/server;C:/Users/CTEA/.p2/pool/plugins/org.eclipse.justj.openjdk.hotspot.jre.full.win32.x86_64_15.0.1.v20201027-0507/jre/bin;C:\Program Files (x86)\Common Files\Oracle\Java\javapath;C:\WINDOWS\system32;C:\WINDOWS;C:\WINDOWS\System32\Wbem;C:\WINDOWS\System32\WindowsPowerShell\v1.0\;C:\Python;C:\Python\Scripts;C:\xampp\mysql\bin;C:\WINDOWS\System32\OpenSSH\;C:\Program Files\mingw-w64\x86_64-8.1.0-posix-seh-rt_v6-rev0\mingw64\bin;C:\Program Files (x86)\Groovy\bin;C:\ProgramData\Microsoft\Windows\Start Menu\Programs\Groovy;C:\Program Files\Java\jdk1.8.0_271\bin;C:\Program Files\Java\jre1.8.0_271\bin;C:\Program Files (x86)\Groovy\bin;C:\Program Files\Git\cmd;C:\Windows\System32\cmd.exe;C:\Users\CTEA\AppData\Local\Android\Sdk;C:\Program Files\nodejs\;C:\ProgramData\chocolatey\bin;;C:\Users\CTEA\AppData\Local\Programs\Microsoft VS Code\bin;C:\Users\CTEA\AppData\Local\Microsoft\WindowsApps;C:\Users\CTEA\AppData\Roaming\npm;C:\WINDOWS\system32;;C:\Users\CTEA\Testing\Robot_WorkspaceTesting\Project_RobotFramework\driver'.</msg>
<status status="PASS" starttime="20210125 16:42:24.386" endtime="20210125 16:42:24.387"></status>
</kw>
<kw name="Open Browser" library="SeleniumLibrary">
<doc>Opens a new browser instance to the optional ``url``.</doc>
<arguments>
<arg>browser= ${BROWSER_NAME}</arg>
</arguments>
<msg timestamp="20210125 16:42:24.388" level="INFO">Opening browser ' googlechrome' to base url 'None'.</msg>
<status status="PASS" starttime="20210125 16:42:24.387" endtime="20210125 16:42:28.534"></status>
</kw>
<kw name="Maximize Browser Window" library="SeleniumLibrary">
<doc>Maximizes current browser window.</doc>
<status status="PASS" starttime="20210125 16:42:28.535" endtime="20210125 16:42:30.676"></status>
</kw>
<kw name="Set Selenium Implicit Wait" library="SeleniumLibrary">
<doc>Sets the implicit wait value used by Selenium.</doc>
<arguments>
<arg>30s</arg>
</arguments>
<status status="PASS" starttime="20210125 16:42:30.677" endtime="20210125 16:42:30.681"></status>
</kw>
<kw name="Go To" library="SeleniumLibrary">
<doc>Navigates the current browser window to the provided ``url``.</doc>
<arguments>
<arg>url=${URL}</arg>
</arguments>
<msg timestamp="20210125 16:42:30.682" level="INFO">Opening url 'https://www.flipkart.com/'</msg>
<status status="PASS" starttime="20210125 16:42:30.681" endtime="20210125 16:42:39.991"></status>
</kw>
<status status="PASS" starttime="20210125 16:42:24.386" endtime="20210125 16:42:39.991"></status>
</kw>
<kw name="Enter MailId" library="LoginPage">
<arguments>
<arg>shanthineeli75@gmail.com</arg>
</arguments>
<kw name="Input Text" library="SeleniumLibrary">
<doc>Types the given ``text`` into the text field identified by ``locator``.</doc>
<arguments>
<arg>${MAIL_LOCATOR}</arg>
<arg>${mailid}</arg>
</arguments>
<msg timestamp="20210125 16:42:39.993" level="INFO">Typing text 'shanthineeli75@gmail.com' into text field 'xpath=//input[@class="_2IX_2- VJZDxU"]'.</msg>
<status status="PASS" starttime="20210125 16:42:39.993" endtime="20210125 16:42:41.093"></status>
</kw>
<status status="PASS" starttime="20210125 16:42:39.992" endtime="20210125 16:42:41.094"></status>
</kw>
<kw name="Enter Password" library="LoginPage">
<arguments>
<arg>admin$123</arg>
</arguments>
<kw name="Input Password" library="SeleniumLibrary">
<doc>Types the given password into the text field identified by ``locator``.</doc>
<arguments>
<arg>${PASS_LOCATOR}</arg>
<arg>${password}</arg>
</arguments>
<msg timestamp="20210125 16:42:41.095" level="INFO">Typing password into text field '//input[@class="_2IX_2- _3mctLh VJZDxU"]'.</msg>
<msg timestamp="20210125 16:42:42.161" level="INFO">Temporally setting log level to: NONE</msg>
<msg timestamp="20210125 16:42:42.718" level="INFO">Log level changed from NONE to INFO.</msg>
<status status="PASS" starttime="20210125 16:42:41.095" endtime="20210125 16:42:42.719"></status>
</kw>
<status status="PASS" starttime="20210125 16:42:41.094" endtime="20210125 16:42:42.719"></status>
</kw>
<kw name="ClickPassword" library="LoginPage">
<kw name="Click Element" library="SeleniumLibrary">
<doc>Click the element identified by ``locator``.</doc>
<arguments>
<arg>${PSCLICK_LOCATOR}</arg>
</arguments>
<msg timestamp="20210125 16:42:42.721" level="INFO">Clicking element '(//span[text()='Login'])[2]'.</msg>
<status status="PASS" starttime="20210125 16:42:42.721" endtime="20210125 16:42:43.366"></status>
</kw>
<status status="PASS" starttime="20210125 16:42:42.720" endtime="20210125 16:42:43.367"></status>
</kw>
<kw name="Enter PhoneNum" library="LoginPage">
<arguments>
<arg>9491364277</arg>
</arguments>
<kw name="Input Text" library="SeleniumLibrary">
<doc>Types the given ``text`` into the text field identified by ``locator``.</doc>
<arguments>
<arg>${PHONENUM_LOCATOR}</arg>
<arg>${phonenum}</arg>
</arguments>
<msg timestamp="20210125 16:42:43.368" level="INFO">Typing text '9491364277' into text field '//input[@class="_2IX_2- VJZDxU"]'.</msg>
<status status="PASS" starttime="20210125 16:42:43.368" endtime="20210125 16:42:44.056"></status>
</kw>
<status status="PASS" starttime="20210125 16:42:43.367" endtime="20210125 16:42:44.056"></status>
</kw>
<kw name="ClickToValidate" library="LoginPage">
<kw name="Click Element" library="SeleniumLibrary">
<doc>Click the element identified by ``locator``.</doc>
<arguments>
<arg>${PCLICK_LOCATOR}</arg>
</arguments>
<msg timestamp="20210125 16:42:44.058" level="INFO">Clicking element '//*[text()='CONTINUE']'.</msg>
<status status="PASS" starttime="20210125 16:42:44.057" endtime="20210125 16:42:44.623"></status>
</kw>
<status status="PASS" starttime="20210125 16:42:44.057" endtime="20210125 16:42:44.624"></status>
</kw>
<kw name="Enter Password" library="LoginPage">
<arguments>
<arg>admin$123</arg>
</arguments>
<kw name="Input Password" library="SeleniumLibrary">
<doc>Types the given password into the text field identified by ``locator``.</doc>
<arguments>
<arg>${PASS_LOCATOR}</arg>
<arg>${password}</arg>
</arguments>
<msg timestamp="20210125 16:42:44.626" level="INFO">Typing password into text field '//input[@class="_2IX_2- _3mctLh VJZDxU"]'.</msg>
<msg timestamp="20210125 16:42:45.152" level="INFO">Temporally setting log level to: NONE</msg>
<msg timestamp="20210125 16:42:45.652" level="INFO">Log level changed from NONE to INFO.</msg>
<status status="PASS" starttime="20210125 16:42:44.626" endtime="20210125 16:42:45.653"></status>
</kw>
<status status="PASS" starttime="20210125 16:42:44.624" endtime="20210125 16:42:45.653"></status>
</kw>
<kw name="ClickToLogIn" library="LoginPage">
<kw name="Click Element" library="SeleniumLibrary">
<doc>Click the element identified by ``locator``.</doc>
<arguments>
<arg>${CLICK_LOCATOR}</arg>
</arguments>
<msg timestamp="20210125 16:42:45.655" level="INFO">Clicking element '(//*[text()='Login'])[3]'.</msg>
<status status="PASS" starttime="20210125 16:42:45.654" endtime="20210125 16:42:45.900"></status>
</kw>
<status status="PASS" starttime="20210125 16:42:45.654" endtime="20210125 16:42:45.900"></status>
</kw>
<kw name="MouseOverOnFlight" library="FlightValidate">
<kw name="Mouse Over" library="SeleniumLibrary">
<doc>Simulates hovering the mouse over the element ``locator``.</doc>
<arguments>
<arg>${FLIGHT_LOCATOR}</arg>
</arguments>
<msg timestamp="20210125 16:42:45.902" level="INFO">Simulating Mouse Over on element '//a[contains(text(),"Flights")]'.</msg>
<status status="PASS" starttime="20210125 16:42:45.902" endtime="20210125 16:42:49.879"></status>
</kw>
<status status="PASS" starttime="20210125 16:42:45.901" endtime="20210125 16:42:49.880"></status>
</kw>
<kw name="DoubleClickOnFlight" library="FlightValidate">
<kw name="Double Click Element" library="SeleniumLibrary">
<doc>Double clicks the element identified by ``locator``.</doc>
<arguments>
<arg>${CLICK_FLIGHT}</arg>
</arguments>
<msg timestamp="20210125 16:42:49.884" level="INFO">Double clicking element '//a[contains(text(),"Flights")]'.</msg>
<status status="PASS" starttime="20210125 16:42:49.884" endtime="20210125 16:42:51.268"></status>
</kw>
<status status="PASS" starttime="20210125 16:42:49.880" endtime="20210125 16:42:51.268"></status>
</kw>
<kw name="ClickFlight" library="FlightValidate">
<kw name="Click Element" library="SeleniumLibrary">
<doc>Click the element identified by ``locator``.</doc>
<arguments>
<arg>${BOOKFLIGHT_LOCATOR}</arg>
</arguments>
<msg timestamp="20210125 16:42:51.270" level="INFO">Clicking element '//button[@class="_2KpZ6l _1QYQF8 _3dESVI"]'.</msg>
<status status="PASS" starttime="20210125 16:42:51.269" endtime="20210125 16:42:53.460"></status>
</kw>
<status status="PASS" starttime="20210125 16:42:51.269" endtime="20210125 16:42:53.461"></status>
</kw>
<kw name="EnterSpaceOrigin" library="FlightValidate">
<kw name="Input Text" library="SeleniumLibrary">
<doc>Types the given ``text`` into the text field identified by ``locator``.</doc>
<arguments>
<arg>${ORIGIN_LOCATOR}</arg>
<arg>${EMPTY}</arg>
</arguments>
<msg timestamp="20210125 16:42:53.463" level="INFO">Typing text '' into text field '//*[contains(text(),"From")]'.</msg>
<kw name="Capture Page Screenshot" library="SeleniumLibrary">
<doc>Takes a screenshot of the current page and embeds it into a log file.</doc>
<msg timestamp="20210125 16:42:54.634" level="INFO" html="yes">&lt;/td&gt;&lt;/tr&gt;&lt;tr&gt;&lt;td colspan="3"&gt;&lt;a href="Screenshot/selenium-screenshot-17.png"&gt;&lt;img src="Screenshot/selenium-screenshot-17.png" width="800px"&gt;&lt;/a&gt;</msg>
<status status="PASS" starttime="20210125 16:42:53.624" endtime="20210125 16:42:54.635"></status>
</kw>
<msg timestamp="20210125 16:42:54.639" level="FAIL">InvalidElementStateException: Message: invalid element state
  (Session info: chrome=88.0.4324.104)
</msg>
<status status="FAIL" starttime="20210125 16:42:53.462" endtime="20210125 16:42:54.639"></status>
</kw>
<status status="FAIL" starttime="20210125 16:42:53.461" endtime="20210125 16:42:54.639"></status>
</kw>
<kw name="End Browser" library="common_functionality_Flpkrt" type="teardown">
<kw name="Close Browser" library="SeleniumLibrary">
<doc>Closes the current browser.</doc>
<status status="PASS" starttime="20210125 16:42:54.641" endtime="20210125 16:42:57.041"></status>
</kw>
<status status="PASS" starttime="20210125 16:42:54.640" endtime="20210125 16:42:57.042"></status>
</kw>
<doc>LOGIN PAGE [Resource : ../Resource/Pages/LoginPage.resource]</doc>
<status status="FAIL" starttime="20210125 16:42:24.384" endtime="20210125 16:42:57.042" critical="yes">InvalidElementStateException: Message: invalid element state
  (Session info: chrome=88.0.4324.104)
</status>
</test>
<doc>This file is for validating valid credentials for Flight option in Flipkart</doc>
<status status="FAIL" starttime="20210125 16:42:24.103" endtime="20210125 16:42:57.043"></status>
</suite>
<status status="FAIL" starttime="20210125 16:42:24.099" endtime="20210125 16:42:57.046"></status>
</suite>
<status status="FAIL" starttime="20210125 16:42:24.065" endtime="20210125 16:42:57.049"></status>
</suite>
<statistics>
<total>
<stat pass="0" fail="1">Critical Tests</stat>
<stat pass="0" fail="1">All Tests</stat>
</total>
<tag>
</tag>
<suite>
<stat pass="0" fail="1" id="s1" name="Project RobotFramework">Project RobotFramework</stat>
<stat pass="0" fail="1" id="s1-s1" name="FlightTest">Project RobotFramework.FlightTest</stat>
<stat pass="0" fail="1" id="s1-s1-s1" name="UsingResource">Project RobotFramework.FlightTest.UsingResource</stat>
</suite>
</statistics>
<errors>
</errors>
</robot>
