<?xml version="1.0" encoding="UTF-8"?>
<robot generator="Robot 3.2.2 (Python 3.9.0 on win32)" generated="20210125 10:46:04.606" rpa="false">
<suite id="s1" name="Project RobotFramework" source="C:\Users\CTEA\Testing\Robot_WorkspaceTesting\Project_RobotFramework">
<suite id="s1-s1" name="PlaceOrder" source="C:\Users\CTEA\Testing\Robot_WorkspaceTesting\Project_RobotFramework\PlaceOrder">
<suite id="s1-s1-s1" name="PlaceOrder" source="C:\Users\CTEA\Testing\Robot_WorkspaceTesting\Project_RobotFramework\PlaceOrder\PlaceOrder.robot">
<test id="s1-s1-s1-t1" name="TC1_Test">
<kw name="Append To Environment Variable" library="OperatingSystem">
<doc>Appends given ``values`` to environment variable ``name``.</doc>
<arguments>
<arg>Path</arg>
<arg>${OUTPUT_DIR}//driver</arg>
</arguments>
<msg timestamp="20210125 10:46:05.143" level="INFO">Environment variable 'Path' set to value 'C:/Users/CTEA/.p2/pool/plugins/org.eclipse.justj.openjdk.hotspot.jre.full.win32.x86_64_15.0.1.v20201027-0507/jre/bin/server;C:/Users/CTEA/.p2/pool/plugins/org.eclipse.justj.openjdk.hotspot.jre.full.win32.x86_64_15.0.1.v20201027-0507/jre/bin;C:\Program Files (x86)\Common Files\Oracle\Java\javapath;C:\WINDOWS\system32;C:\WINDOWS;C:\WINDOWS\System32\Wbem;C:\WINDOWS\System32\WindowsPowerShell\v1.0\;C:\Python;C:\Python\Scripts;C:\xampp\mysql\bin;C:\WINDOWS\System32\OpenSSH\;C:\Program Files\mingw-w64\x86_64-8.1.0-posix-seh-rt_v6-rev0\mingw64\bin;C:\Program Files (x86)\Groovy\bin;C:\ProgramData\Microsoft\Windows\Start Menu\Programs\Groovy;C:\Program Files\Java\jdk1.8.0_271\bin;C:\Program Files\Java\jre1.8.0_271\bin;C:\Program Files (x86)\Groovy\bin;C:\Program Files\Git\cmd;C:\Windows\System32\cmd.exe;C:\Users\CTEA\AppData\Local\Android\Sdk;;C:\Users\CTEA\AppData\Local\Programs\Microsoft VS Code\bin;C:\Users\CTEA\AppData\Local\Microsoft\WindowsApps;C:\WINDOWS\system32;;C:\Users\CTEA\Testing\Robot_WorkspaceTesting\Project_RobotFramework//driver'.</msg>
<status status="PASS" starttime="20210125 10:46:05.142" endtime="20210125 10:46:05.144"></status>
</kw>
<kw name="Open Browser" library="SeleniumLibrary">
<doc>Opens a new browser instance to the optional ``url``.</doc>
<arguments>
<arg>https://www.flipkart.com/</arg>
<arg>browser=chrome</arg>
</arguments>
<msg timestamp="20210125 10:46:05.146" level="INFO">Opening browser 'chrome' to base url 'https://www.flipkart.com/'.</msg>
<status status="PASS" starttime="20210125 10:46:05.145" endtime="20210125 10:46:17.203"></status>
</kw>
<kw name="Maximize Browser Window" library="SeleniumLibrary">
<doc>Maximizes current browser window.</doc>
<status status="PASS" starttime="20210125 10:46:17.204" endtime="20210125 10:46:19.771"></status>
</kw>
<kw name="Set Selenium Implicit Wait" library="SeleniumLibrary">
<doc>Sets the implicit wait value used by Selenium.</doc>
<arguments>
<arg>30</arg>
</arguments>
<status status="PASS" starttime="20210125 10:46:19.771" endtime="20210125 10:46:19.774"></status>
</kw>
<kw name="Input Text" library="SeleniumLibrary">
<doc>Types the given ``text`` into the text field identified by ``locator``.</doc>
<arguments>
<arg>xpath=//input[@class="_2IX_2- VJZDxU"]</arg>
<arg>shanthineeli75@gmail.com</arg>
</arguments>
<msg timestamp="20210125 10:46:19.775" level="INFO">Typing text 'shanthineeli75@gmail.com' into text field 'xpath=//input[@class="_2IX_2- VJZDxU"]'.</msg>
<status status="PASS" starttime="20210125 10:46:19.775" endtime="20210125 10:46:20.876"></status>
</kw>
<kw name="Input Password" library="SeleniumLibrary">
<doc>Types the given password into the text field identified by ``locator``.</doc>
<arguments>
<arg>xpath=//input[@class="_2IX_2- _3mctLh VJZDxU"]</arg>
<arg>admin$123</arg>
</arguments>
<msg timestamp="20210125 10:46:20.878" level="INFO">Typing password into text field 'xpath=//input[@class="_2IX_2- _3mctLh VJZDxU"]'.</msg>
<msg timestamp="20210125 10:46:21.104" level="INFO">Temporally setting log level to: NONE</msg>
<msg timestamp="20210125 10:46:21.406" level="INFO">Log level changed from NONE to INFO.</msg>
<status status="PASS" starttime="20210125 10:46:20.877" endtime="20210125 10:46:21.406"></status>
</kw>
<kw name="Click Element" library="SeleniumLibrary">
<doc>Click the element identified by ``locator``.</doc>
<arguments>
<arg>xpath=(//span[text()='Login'])[2]</arg>
</arguments>
<msg timestamp="20210125 10:46:21.407" level="INFO">Clicking element 'xpath=(//span[text()='Login'])[2]'.</msg>
<status status="PASS" starttime="20210125 10:46:21.406" endtime="20210125 10:46:21.680"></status>
</kw>
<kw name="Input Text" library="SeleniumLibrary">
<doc>Types the given ``text`` into the text field identified by ``locator``.</doc>
<arguments>
<arg>xpath=//input[@class="_2IX_2- VJZDxU"]</arg>
<arg>9491364277</arg>
</arguments>
<msg timestamp="20210125 10:46:21.681" level="INFO">Typing text '9491364277' into text field 'xpath=//input[@class="_2IX_2- VJZDxU"]'.</msg>
<status status="PASS" starttime="20210125 10:46:21.681" endtime="20210125 10:46:22.479"></status>
</kw>
<kw name="Click Element" library="SeleniumLibrary">
<doc>Click the element identified by ``locator``.</doc>
<arguments>
<arg>xpath=//*[text()='CONTINUE']</arg>
</arguments>
<msg timestamp="20210125 10:46:22.513" level="INFO">Clicking element 'xpath=//*[text()='CONTINUE']'.</msg>
<status status="PASS" starttime="20210125 10:46:22.479" endtime="20210125 10:46:22.732"></status>
</kw>
<kw name="Input Text" library="SeleniumLibrary">
<doc>Types the given ``text`` into the text field identified by ``locator``.</doc>
<arguments>
<arg>xpath=//input[@class="_2IX_2- _3mctLh VJZDxU"]</arg>
<arg>admin$123</arg>
</arguments>
<msg timestamp="20210125 10:46:22.733" level="INFO">Typing text 'admin$123' into text field 'xpath=//input[@class="_2IX_2- _3mctLh VJZDxU"]'.</msg>
<status status="PASS" starttime="20210125 10:46:22.732" endtime="20210125 10:46:23.441"></status>
</kw>
<kw name="Click Element" library="SeleniumLibrary">
<doc>Click the element identified by ``locator``.</doc>
<arguments>
<arg>xpath=//*[@class='_2KpZ6l _2HKlqd _3AWRsL']</arg>
</arguments>
<msg timestamp="20210125 10:46:23.442" level="INFO">Clicking element 'xpath=//*[@class='_2KpZ6l _2HKlqd _3AWRsL']'.</msg>
<status status="PASS" starttime="20210125 10:46:23.441" endtime="20210125 10:46:23.887"></status>
</kw>
<kw name="Click Element" library="SeleniumLibrary">
<doc>Click the element identified by ``locator``.</doc>
<arguments>
<arg>xpath=//input[@placeholder='Search for products, brands and more']</arg>
</arguments>
<msg timestamp="20210125 10:46:23.889" level="INFO">Clicking element 'xpath=//input[@placeholder='Search for products, brands and more']'.</msg>
<status status="PASS" starttime="20210125 10:46:23.888" endtime="20210125 10:46:28.816"></status>
</kw>
<kw name="Input Text" library="SeleniumLibrary">
<doc>Types the given ``text`` into the text field identified by ``locator``.</doc>
<arguments>
<arg>xpath=//input[@placeholder='Search for products, brands and more']</arg>
<arg>Mi Q1 138.8 cm (55 inch) QLED Ultra HD (4K) Smart Android TV</arg>
</arguments>
<msg timestamp="20210125 10:46:28.828" level="INFO">Typing text 'Mi Q1 138.8 cm (55 inch) QLED Ultra HD (4K) Smart Android TV' into text field 'xpath=//input[@placeholder='Search for products, brands and more']'.</msg>
<status status="PASS" starttime="20210125 10:46:28.817" endtime="20210125 10:46:30.055"></status>
</kw>
<kw name="Click Element" library="SeleniumLibrary">
<doc>Click the element identified by ``locator``.</doc>
<arguments>
<arg>xpath=(//*[@class='_34RNph'])[1]</arg>
</arguments>
<msg timestamp="20210125 10:46:30.056" level="INFO">Clicking element 'xpath=(//*[@class='_34RNph'])[1]'.</msg>
<status status="PASS" starttime="20210125 10:46:30.056" endtime="20210125 10:46:30.660"></status>
</kw>
<kw name="Click Element" library="SeleniumLibrary">
<doc>Click the element identified by ``locator``.</doc>
<arguments>
<arg>xpath=//div[contains(text(),"Mi Q1 138.8 cm (55 inch) QLED Ultra HD (4K) Smart Android TV")]</arg>
</arguments>
<msg timestamp="20210125 10:46:30.661" level="INFO">Clicking element 'xpath=//div[contains(text(),"Mi Q1 138.8 cm (55 inch) QLED Ultra HD (4K) Smart Android TV")]'.</msg>
<status status="PASS" starttime="20210125 10:46:30.660" endtime="20210125 10:46:34.090"></status>
</kw>
<kw name="Get Window Titles" library="SeleniumLibrary">
<doc>Returns and logs titles of all windows of the selected browser.</doc>
<assign>
<var>${titles}</var>
</assign>
<msg timestamp="20210125 10:46:40.276" level="INFO">Altogether 2 items.
1: Mi Q1 138.8 Cm (55 Inch) QLED Ultra HD (4K) Smart Android TV- Buy Products Online at Best Price in India - All Categories | Flipkart.com
2: Mi Q1 138.8 cm (55 inch) QLED Ultra HD (4K) Smart Android TV Online at best Prices In India</msg>
<msg timestamp="20210125 10:46:40.277" level="INFO">${titles} = ['Mi Q1 138.8 Cm (55 Inch) QLED Ultra HD (4K) Smart Android TV- Buy Products Online at Best Price in India - All Categories | Flipkart.com', 'Mi Q1 138.8 cm (55 inch) QLED Ultra HD (4K) Smart Android ...</msg>
<status status="PASS" starttime="20210125 10:46:34.091" endtime="20210125 10:46:40.277"></status>
</kw>
<kw name="Log To Console" library="BuiltIn">
<doc>Logs the given message to the console.</doc>
<arguments>
<arg>${titles}</arg>
</arguments>
<status status="PASS" starttime="20210125 10:46:40.277" endtime="20210125 10:46:40.278"></status>
</kw>
<kw name="Get Length" library="BuiltIn">
<doc>Returns and logs the length of the given item as an integer.</doc>
<arguments>
<arg>${titles}</arg>
</arguments>
<assign>
<var>${count}</var>
</assign>
<msg timestamp="20210125 10:46:40.279" level="INFO">Length is 2</msg>
<msg timestamp="20210125 10:46:40.280" level="INFO">${count} = 2</msg>
<status status="PASS" starttime="20210125 10:46:40.278" endtime="20210125 10:46:40.280"></status>
</kw>
<kw name="Log To Console" library="BuiltIn">
<doc>Logs the given message to the console.</doc>
<arguments>
<arg>${count}</arg>
</arguments>
<status status="PASS" starttime="20210125 10:46:40.281" endtime="20210125 10:46:40.281"></status>
</kw>
<kw name="Run Keyword If" library="BuiltIn">
<doc>Runs the given keyword with the given arguments, if ``condition`` is true.</doc>
<arguments>
<arg>${count}&gt;1</arg>
<arg>Switch Window</arg>
<arg>NEW</arg>
</arguments>
<kw name="Switch Window" library="SeleniumLibrary">
<doc>Switches to browser window matching ``locator``.</doc>
<arguments>
<arg>NEW</arg>
</arguments>
<status status="PASS" starttime="20210125 10:46:40.282" endtime="20210125 10:46:40.554"></status>
</kw>
<status status="PASS" starttime="20210125 10:46:40.282" endtime="20210125 10:46:40.555"></status>
</kw>
<kw name="Wait Until Page Contains Element" library="SeleniumLibrary">
<doc>Waits until the element ``locator`` appears on the current page.</doc>
<arguments>
<arg>//*[@class=' fonts-loaded']</arg>
</arguments>
<status status="PASS" starttime="20210125 10:46:40.555" endtime="20210125 10:46:40.623"></status>
</kw>
<kw name="Click Element" library="SeleniumLibrary">
<doc>Click the element identified by ``locator``.</doc>
<arguments>
<arg>//*[text()='Change']</arg>
</arguments>
<msg timestamp="20210125 10:46:40.624" level="INFO">Clicking element '//*[text()='Change']'.</msg>
<status status="PASS" starttime="20210125 10:46:40.624" endtime="20210125 10:46:40.922"></status>
</kw>
<kw name="Input Text" library="SeleniumLibrary">
<doc>Types the given ``text`` into the text field identified by ``locator``.</doc>
<arguments>
<arg>//*[@id='pincodeInputId']</arg>
<arg>600053</arg>
</arguments>
<msg timestamp="20210125 10:46:40.923" level="INFO">Typing text '600053' into text field '//*[@id='pincodeInputId']'.</msg>
<status status="PASS" starttime="20210125 10:46:40.922" endtime="20210125 10:46:41.511"></status>
</kw>
<kw name="Get Text" library="SeleniumLibrary">
<doc>Returns the text value of the element identified by ``locator``.</doc>
<arguments>
<arg>//span[contains(@class,"B_NuCI")]</arg>
</arguments>
<assign>
<var>${text}</var>
</assign>
<msg timestamp="20210125 10:46:41.651" level="INFO">${text} = Mi Q1 138.8 cm (55 inch) QLED Ultra HD (4K) Smart Android TV</msg>
<status status="PASS" starttime="20210125 10:46:41.512" endtime="20210125 10:46:41.651"></status>
</kw>
<kw name="Log To Console" library="BuiltIn">
<doc>Logs the given message to the console.</doc>
<arguments>
<arg>${text}</arg>
</arguments>
<status status="PASS" starttime="20210125 10:46:41.651" endtime="20210125 10:46:41.652"></status>
</kw>
<kw name="Get Text" library="SeleniumLibrary">
<doc>Returns the text value of the element identified by ``locator``.</doc>
<arguments>
<arg>(//*[contains(text(),"54,999")])[1]</arg>
</arguments>
<assign>
<var>${amount}</var>
</assign>
<msg timestamp="20210125 10:46:41.779" level="INFO">${amount} = ₹54,999</msg>
<status status="PASS" starttime="20210125 10:46:41.652" endtime="20210125 10:46:41.780"></status>
</kw>
<kw name="Log To Console" library="BuiltIn">
<doc>Logs the given message to the console.</doc>
<arguments>
<arg>${amount}</arg>
</arguments>
<status status="PASS" starttime="20210125 10:46:41.780" endtime="20210125 10:46:41.781"></status>
</kw>
<kw name="Click Element" library="SeleniumLibrary">
<doc>Click the element identified by ``locator``.</doc>
<arguments>
<arg>//*[@class='_2KpZ6l _2U9uOA _3v1-ww']</arg>
</arguments>
<msg timestamp="20210125 10:46:41.781" level="INFO">Clicking element '//*[@class='_2KpZ6l _2U9uOA _3v1-ww']'.</msg>
<status status="PASS" starttime="20210125 10:46:41.781" endtime="20210125 10:46:42.053"></status>
</kw>
<status status="PASS" starttime="20210125 10:46:05.141" endtime="20210125 10:46:42.053" critical="yes"></status>
</test>
<status status="PASS" starttime="20210125 10:46:04.809" endtime="20210125 10:46:42.055"></status>
</suite>
<status status="PASS" starttime="20210125 10:46:04.796" endtime="20210125 10:46:42.058"></status>
</suite>
<status status="PASS" starttime="20210125 10:46:04.703" endtime="20210125 10:46:42.064"></status>
</suite>
<statistics>
<total>
<stat pass="1" fail="0">Critical Tests</stat>
<stat pass="1" fail="0">All Tests</stat>
</total>
<tag>
</tag>
<suite>
<stat pass="1" fail="0" id="s1" name="Project RobotFramework">Project RobotFramework</stat>
<stat pass="1" fail="0" id="s1-s1" name="PlaceOrder">Project RobotFramework.PlaceOrder</stat>
<stat pass="1" fail="0" id="s1-s1-s1" name="PlaceOrder">Project RobotFramework.PlaceOrder.PlaceOrder</stat>
</suite>
</statistics>
<errors>
</errors>
</robot>
